<?xml version="1.0" encoding="UTF-8"?>
<!-- Generated by org.testng.reporters.JUnitReportReporter -->
<testsuite hostname="DESKTOP-0M022D9" failures="0" tests="1" name="WikiTest" time="6.171" errors="0" timestamp="2022-09-04T18:22:31 ART" skipped="0">
  <testcase classname="WikiTest" name="ValidarBusquedaWikipedia" time="6.171"/>
  <system-out/>
</testsuite> <!-- WikiTest -->
